<?xml version="1.0" encoding="utf-8"?><testsuites name="pytest tests"><testsuite name="pytest" errors="0" failures="0" skipped="0" tests="17" time="2.899" timestamp="2026-07-31T01:53:51.569424+00:00" hostname="agent-env-483be1cf-ba42-4ffd-a28d-9e972d1eb823"><testcase classname="tests.test_saltbread_api.TestExpenses" name="test_categories" time="0.728" /><testcase classname="tests.test_saltbread_api.TestExpenses" name="test_create_invalid_category" time="0.138" /><testcase classname="tests.test_saltbread_api.TestOrders" name="test_create_order" time="0.997" /><testcase classname="tests.test_saltbread_api.TestExpenses" name="test_create_expense" time="0.110" /><testcase classname="tests.test_saltbread_api.TestExpenses" name="test_filter_expenses" time="0.141" /><testcase classname="tests.test_saltbread_api.TestOrders" name="test_list_orders_and_filter" time="0.275" /><testcase classname="tests.test_saltbread_api.TestExpenses" name="test_delete_expense" time="0.309" /><testcase classname="tests.test_saltbread_api.TestOrders" name="test_get_order" time="0.103" /><testcase classname="tests.test_saltbread_api.TestOrders" name="test_status_flow" time="0.481" /><testcase classname="tests.test_saltbread_api.TestAuth" name="test_login_wrong_password" time="0.321" /><testcase classname="tests.test_saltbread_api.TestAuth" name="test_me" time="0.148" /><testcase classname="tests.test_saltbread_api.TestOrders" name="test_cleanup" time="0.142" /><testcase classname="tests.test_saltbread_api.TestAuth" name="test_me_unauthorized" time="0.100" /><testcase classname="tests.test_saltbread_api.TestAuth" name="test_register_duplicate" time="0.097" /><testcase classname="tests.test_saltbread_api.TestProducts" name="test_seeded_variants" time="0.100" /><testcase classname="tests.test_saltbread_api.TestDashboard" name="test_summary" time="0.105" /><testcase classname="tests.test_saltbread_api.TestProducts" name="test_product_crud" time="0.477" /></testsuite></testsuites>